{"C:\\Users\\Lenovo\\Desktop\\namaste-react\\src\\components\\Body.js": {"path":"C:\\Users\\Lenovo\\Desktop\\namaste-react\\src\\components\\Body.js","statementMap":{"0":{"start":{"line":110,"column":13},"end":{"line":233,"column":1}},"1":{"start":{"line":111,"column":50},"end":{"line":111,"column":62}},"2":{"start":{"line":112,"column":53},"end":{"line":112,"column":65}},"3":{"start":{"line":113,"column":38},"end":{"line":113,"column":50}},"4":{"start":{"line":115,"column":33},"end":{"line":115,"column":65}},"5":{"start":{"line":116,"column":2},"end":{"line":116,"column":50}},"6":{"start":{"line":118,"column":40},"end":{"line":118,"column":63}},"7":{"start":{"line":119,"column":2},"end":{"line":121,"column":9}},"8":{"start":{"line":120,"column":4},"end":{"line":120,"column":16}},"9":{"start":{"line":123,"column":20},"end":{"line":141,"column":3}},"10":{"start":{"line":124,"column":4},"end":{"line":140,"column":5}},"11":{"start":{"line":125,"column":23},"end":{"line":127,"column":7}},"12":{"start":{"line":129,"column":19},"end":{"line":129,"column":40}},"13":{"start":{"line":132,"column":8},"end":{"line":134,"column":69}},"14":{"start":{"line":133,"column":20},"end":{"line":133,"column":78}},"15":{"start":{"line":136,"column":6},"end":{"line":136,"column":38}},"16":{"start":{"line":137,"column":6},"end":{"line":137,"column":40}},"17":{"start":{"line":139,"column":6},"end":{"line":139,"column":49}},"18":{"start":{"line":143,"column":23},"end":{"line":143,"column":40}},"19":{"start":{"line":145,"column":2},"end":{"line":150,"column":6}},"20":{"start":{"line":146,"column":4},"end":{"line":150,"column":6}},"21":{"start":{"line":152,"column":2},"end":{"line":154,"column":3}},"22":{"start":{"line":153,"column":4},"end":{"line":153,"column":23}},"23":{"start":{"line":156,"column":2},"end":{"line":232,"column":4}},"24":{"start":{"line":167,"column":14},"end":{"line":167,"column":44}},"25":{"start":{"line":174,"column":41},"end":{"line":176,"column":15}},"26":{"start":{"line":175,"column":16},"end":{"line":175,"column":78}},"27":{"start":{"line":177,"column":14},"end":{"line":177,"column":55}},"28":{"start":{"line":187,"column":33},"end":{"line":189,"column":13}},"29":{"start":{"line":188,"column":23},"end":{"line":188,"column":47}},"30":{"start":{"line":190,"column":12},"end":{"line":190,"column":47}},"31":{"start":{"line":204,"column":29},"end":{"line":204,"column":56}},"32":{"start":{"line":213,"column":10},"end":{"line":228,"column":17}}},"fnMap":{"0":{"name":"(anonymous_0)","decl":{"start":{"line":110,"column":13},"end":{"line":110,"column":14}},"loc":{"start":{"line":110,"column":19},"end":{"line":233,"column":1}},"line":110},"1":{"name":"(anonymous_1)","decl":{"start":{"line":119,"column":12},"end":{"line":119,"column":13}},"loc":{"start":{"line":119,"column":18},"end":{"line":121,"column":3}},"line":119},"2":{"name":"(anonymous_2)","decl":{"start":{"line":123,"column":20},"end":{"line":123,"column":21}},"loc":{"start":{"line":123,"column":32},"end":{"line":141,"column":3}},"line":123},"3":{"name":"(anonymous_3)","decl":{"start":{"line":133,"column":10},"end":{"line":133,"column":11}},"loc":{"start":{"line":133,"column":20},"end":{"line":133,"column":78}},"line":133},"4":{"name":"(anonymous_4)","decl":{"start":{"line":166,"column":22},"end":{"line":166,"column":23}},"loc":{"start":{"line":166,"column":29},"end":{"line":168,"column":13}},"line":166},"5":{"name":"(anonymous_5)","decl":{"start":{"line":173,"column":21},"end":{"line":173,"column":22}},"loc":{"start":{"line":173,"column":27},"end":{"line":178,"column":13}},"line":173},"6":{"name":"(anonymous_6)","decl":{"start":{"line":174,"column":66},"end":{"line":174,"column":67}},"loc":{"start":{"line":175,"column":16},"end":{"line":175,"column":78}},"line":175},"7":{"name":"(anonymous_7)","decl":{"start":{"line":186,"column":19},"end":{"line":186,"column":20}},"loc":{"start":{"line":186,"column":25},"end":{"line":191,"column":11}},"line":186},"8":{"name":"(anonymous_8)","decl":{"start":{"line":188,"column":14},"end":{"line":188,"column":15}},"loc":{"start":{"line":188,"column":23},"end":{"line":188,"column":47}},"line":188},"9":{"name":"(anonymous_9)","decl":{"start":{"line":204,"column":22},"end":{"line":204,"column":23}},"loc":{"start":{"line":204,"column":29},"end":{"line":204,"column":56}},"line":204},"10":{"name":"(anonymous_10)","decl":{"start":{"line":212,"column":32},"end":{"line":212,"column":33}},"loc":{"start":{"line":213,"column":10},"end":{"line":228,"column":17}},"line":213}},"branchMap":{"0":{"loc":{"start":{"line":132,"column":8},"end":{"line":134,"column":69}},"type":"binary-expr","locations":[{"start":{"line":132,"column":8},"end":{"line":134,"column":63}},{"start":{"line":134,"column":67},"end":{"line":134,"column":69}}],"line":132},"1":{"loc":{"start":{"line":145,"column":2},"end":{"line":150,"column":6}},"type":"if","locations":[{"start":{"line":145,"column":2},"end":{"line":150,"column":6}},{"start":{},"end":{}}],"line":145},"2":{"loc":{"start":{"line":152,"column":2},"end":{"line":154,"column":3}},"type":"if","locations":[{"start":{"line":152,"column":2},"end":{"line":154,"column":3}},{"start":{},"end":{}}],"line":152},"3":{"loc":{"start":{"line":223,"column":13},"end":{"line":227,"column":13}},"type":"cond-expr","locations":[{"start":{"line":224,"column":14},"end":{"line":224,"column":61}},{"start":{"line":226,"column":14},"end":{"line":226,"column":53}}],"line":223}},"s":{"0":1,"1":3,"2":2,"3":2,"4":2,"5":2,"6":2,"7":2,"8":0,"9":2,"10":0,"11":0,"12":0,"13":0,"14":0,"15":0,"16":0,"17":0,"18":2,"19":2,"20":0,"21":2,"22":2,"23":0,"24":0,"25":0,"26":0,"27":0,"28":0,"29":0,"30":0,"31":0,"32":0},"f":{"0":3,"1":0,"2":0,"3":0,"4":0,"5":0,"6":0,"7":0,"8":0,"9":0,"10":0},"b":{"0":[0,0],"1":[0,2],"2":[2,0],"3":[0,0]},"_coverageSchema":"1a1c01bbd47fc00a2c39e90264f33305004495a9","hash":"dcf2c1ae04f4380ce48331b1656f2fd654efc3b6"}
,"C:\\Users\\Lenovo\\Desktop\\namaste-react\\src\\components\\Contact.js": {"path":"C:\\Users\\Lenovo\\Desktop\\namaste-react\\src\\components\\Contact.js","statementMap":{"0":{"start":{"line":14,"column":16},"end":{"line":86,"column":1}},"1":{"start":{"line":16,"column":34},"end":{"line":20,"column":4}},"2":{"start":{"line":22,"column":23},"end":{"line":27,"column":3}},"3":{"start":{"line":23,"column":4},"end":{"line":26,"column":7}},"4":{"start":{"line":29,"column":23},"end":{"line":33,"column":3}},"5":{"start":{"line":30,"column":4},"end":{"line":30,"column":23}},"6":{"start":{"line":31,"column":4},"end":{"line":31,"column":26}},"7":{"start":{"line":32,"column":4},"end":{"line":32,"column":40}},"8":{"start":{"line":35,"column":2},"end":{"line":85,"column":4}}},"fnMap":{"0":{"name":"(anonymous_0)","decl":{"start":{"line":14,"column":16},"end":{"line":14,"column":17}},"loc":{"start":{"line":14,"column":22},"end":{"line":86,"column":1}},"line":14},"1":{"name":"(anonymous_1)","decl":{"start":{"line":22,"column":23},"end":{"line":22,"column":24}},"loc":{"start":{"line":22,"column":30},"end":{"line":27,"column":3}},"line":22},"2":{"name":"(anonymous_2)","decl":{"start":{"line":29,"column":23},"end":{"line":29,"column":24}},"loc":{"start":{"line":29,"column":30},"end":{"line":33,"column":3}},"line":29}},"branchMap":{},"s":{"0":1,"1":1,"2":1,"3":0,"4":1,"5":0,"6":0,"7":0,"8":1},"f":{"0":1,"1":0,"2":0},"b":{},"_coverageSchema":"1a1c01bbd47fc00a2c39e90264f33305004495a9","hash":"277534fc41b4793727f2b591e5277493a55b7fde"}
,"C:\\Users\\Lenovo\\Desktop\\namaste-react\\src\\components\\Header.js": {"path":"C:\\Users\\Lenovo\\Desktop\\namaste-react\\src\\components\\Header.js","statementMap":{"0":{"start":{"line":71,"column":15},"end":{"line":147,"column":1}},"1":{"start":{"line":73,"column":42},"end":{"line":73,"column":59}},"2":{"start":{"line":75,"column":23},"end":{"line":75,"column":40}},"3":{"start":{"line":77,"column":40},"end":{"line":77,"column":63}},"4":{"start":{"line":79,"column":20},"end":{"line":79,"column":60}},"5":{"start":{"line":79,"column":43},"end":{"line":79,"column":59}},"6":{"start":{"line":81,"column":22},"end":{"line":91,"column":3}},"7":{"start":{"line":83,"column":4},"end":{"line":89,"column":5}},"8":{"start":{"line":84,"column":6},"end":{"line":84,"column":27}},"9":{"start":{"line":85,"column":6},"end":{"line":85,"column":32}},"10":{"start":{"line":87,"column":6},"end":{"line":87,"column":27}},"11":{"start":{"line":88,"column":6},"end":{"line":88,"column":31}},"12":{"start":{"line":93,"column":2},"end":{"line":146,"column":4}}},"fnMap":{"0":{"name":"(anonymous_0)","decl":{"start":{"line":71,"column":15},"end":{"line":71,"column":16}},"loc":{"start":{"line":71,"column":21},"end":{"line":147,"column":1}},"line":71},"1":{"name":"(anonymous_1)","decl":{"start":{"line":79,"column":32},"end":{"line":79,"column":33}},"loc":{"start":{"line":79,"column":43},"end":{"line":79,"column":59}},"line":79},"2":{"name":"(anonymous_2)","decl":{"start":{"line":81,"column":22},"end":{"line":81,"column":23}},"loc":{"start":{"line":81,"column":28},"end":{"line":91,"column":3}},"line":81}},"branchMap":{"0":{"loc":{"start":{"line":83,"column":4},"end":{"line":89,"column":5}},"type":"if","locations":[{"start":{"line":83,"column":4},"end":{"line":89,"column":5}},{"start":{"line":86,"column":11},"end":{"line":89,"column":5}}],"line":83},"1":{"loc":{"start":{"line":105,"column":29},"end":{"line":105,"column":54}},"type":"cond-expr","locations":[{"start":{"line":105,"column":44},"end":{"line":105,"column":47}},{"start":{"line":105,"column":50},"end":{"line":105,"column":54}}],"line":105}},"s":{"0":1,"1":1,"2":1,"3":1,"4":1,"5":2,"6":1,"7":0,"8":0,"9":0,"10":0,"11":0,"12":1},"f":{"0":1,"1":2,"2":0},"b":{"0":[0,0],"1":[1,0]},"_coverageSchema":"1a1c01bbd47fc00a2c39e90264f33305004495a9","hash":"6ce7ed4924f8d7c46dc674f64acddc531bf415c3"}
,"C:\\Users\\Lenovo\\Desktop\\namaste-react\\src\\components\\RestaurantCard.js": {"path":"C:\\Users\\Lenovo\\Desktop\\namaste-react\\src\\components\\RestaurantCard.js","statementMap":{"0":{"start":{"line":32,"column":23},"end":{"line":59,"column":1}},"1":{"start":{"line":33,"column":22},"end":{"line":33,"column":27}},"2":{"start":{"line":34,"column":25},"end":{"line":34,"column":48}},"3":{"start":{"line":37,"column":4},"end":{"line":37,"column":17}},"4":{"start":{"line":39,"column":2},"end":{"line":58,"column":4}},"5":{"start":{"line":60,"column":32},"end":{"line":74,"column":1}},"6":{"start":{"line":61,"column":2},"end":{"line":73,"column":4}},"7":{"start":{"line":62,"column":4},"end":{"line":72,"column":6}}},"fnMap":{"0":{"name":"(anonymous_0)","decl":{"start":{"line":32,"column":23},"end":{"line":32,"column":24}},"loc":{"start":{"line":32,"column":34},"end":{"line":59,"column":1}},"line":32},"1":{"name":"(anonymous_1)","decl":{"start":{"line":60,"column":32},"end":{"line":60,"column":33}},"loc":{"start":{"line":60,"column":52},"end":{"line":74,"column":1}},"line":60},"2":{"name":"(anonymous_2)","decl":{"start":{"line":61,"column":9},"end":{"line":61,"column":10}},"loc":{"start":{"line":61,"column":20},"end":{"line":73,"column":3}},"line":61}},"branchMap":{},"s":{"0":1,"1":0,"2":0,"3":0,"4":0,"5":1,"6":2,"7":0},"f":{"0":0,"1":2,"2":0},"b":{},"_coverageSchema":"1a1c01bbd47fc00a2c39e90264f33305004495a9","hash":"8c7780e9d43325889f64998bde9cafaff8bc2a46"}
,"C:\\Users\\Lenovo\\Desktop\\namaste-react\\src\\components\\Shimmer.js": {"path":"C:\\Users\\Lenovo\\Desktop\\namaste-react\\src\\components\\Shimmer.js","statementMap":{"0":{"start":{"line":1,"column":15},"end":{"line":28,"column":1}},"1":{"start":{"line":2,"column":4},"end":{"line":27,"column":2}}},"fnMap":{"0":{"name":"(anonymous_0)","decl":{"start":{"line":1,"column":15},"end":{"line":1,"column":16}},"loc":{"start":{"line":1,"column":20},"end":{"line":28,"column":1}},"line":1}},"branchMap":{},"s":{"0":1,"1":3},"f":{"0":3},"b":{},"_coverageSchema":"1a1c01bbd47fc00a2c39e90264f33305004495a9","hash":"4a2318ef6c438030b5d908a7a8081c29c931dbc8"}
,"C:\\Users\\Lenovo\\Desktop\\namaste-react\\src\\components\\sum.js": {"path":"C:\\Users\\Lenovo\\Desktop\\namaste-react\\src\\components\\sum.js","statementMap":{"0":{"start":{"line":1,"column":18},"end":{"line":5,"column":1}},"1":{"start":{"line":4,"column":4},"end":{"line":4,"column":15}}},"fnMap":{"0":{"name":"(anonymous_0)","decl":{"start":{"line":1,"column":18},"end":{"line":1,"column":19}},"loc":{"start":{"line":2,"column":0},"end":{"line":5,"column":1}},"line":2}},"branchMap":{},"s":{"0":1,"1":1},"f":{"0":1},"b":{},"_coverageSchema":"1a1c01bbd47fc00a2c39e90264f33305004495a9","hash":"a18449534de43bf6c562ead4946dc43f5cfcd556"}
,"C:\\Users\\Lenovo\\Desktop\\namaste-react\\src\\utils\\UserContext.js": {"path":"C:\\Users\\Lenovo\\Desktop\\namaste-react\\src\\utils\\UserContext.js","statementMap":{"0":{"start":{"line":14,"column":20},"end":{"line":17,"column":2}}},"fnMap":{"0":{"name":"(anonymous_0)","decl":{"start":{"line":16,"column":15},"end":{"line":16,"column":16}},"loc":{"start":{"line":16,"column":21},"end":{"line":16,"column":23}},"line":16}},"branchMap":{},"s":{"0":2},"f":{"0":0},"b":{},"_coverageSchema":"1a1c01bbd47fc00a2c39e90264f33305004495a9","hash":"4b0e9821269dd69e0f6cd7fd875acf73aefa88b1"}
,"C:\\Users\\Lenovo\\Desktop\\namaste-react\\src\\utils\\appStore.js": {"path":"C:\\Users\\Lenovo\\Desktop\\namaste-react\\src\\utils\\appStore.js","statementMap":{"0":{"start":{"line":4,"column":17},"end":{"line":10,"column":2}}},"fnMap":{},"branchMap":{},"s":{"0":1},"f":{},"b":{},"_coverageSchema":"1a1c01bbd47fc00a2c39e90264f33305004495a9","hash":"c8ba8b802dc5bfe1d54b35c043f1bb9a07014de9"}
,"C:\\Users\\Lenovo\\Desktop\\namaste-react\\src\\utils\\cartSlice.js": {"path":"C:\\Users\\Lenovo\\Desktop\\namaste-react\\src\\utils\\cartSlice.js","statementMap":{"0":{"start":{"line":3,"column":18},"end":{"line":25,"column":2}},"1":{"start":{"line":13,"column":6},"end":{"line":13,"column":39}},"2":{"start":{"line":17,"column":6},"end":{"line":17,"column":24}},"3":{"start":{"line":21,"column":6},"end":{"line":21,"column":23}},"4":{"start":{"line":27,"column":50},"end":{"line":27,"column":67}}},"fnMap":{"0":{"name":"(anonymous_0)","decl":{"start":{"line":12,"column":13},"end":{"line":12,"column":14}},"loc":{"start":{"line":12,"column":32},"end":{"line":14,"column":5}},"line":12},"1":{"name":"(anonymous_1)","decl":{"start":{"line":16,"column":16},"end":{"line":16,"column":17}},"loc":{"start":{"line":16,"column":27},"end":{"line":18,"column":5}},"line":16},"2":{"name":"(anonymous_2)","decl":{"start":{"line":20,"column":15},"end":{"line":20,"column":16}},"loc":{"start":{"line":20,"column":26},"end":{"line":22,"column":5}},"line":20}},"branchMap":{},"s":{"0":1,"1":0,"2":0,"3":0,"4":1},"f":{"0":0,"1":0,"2":0},"b":{},"_coverageSchema":"1a1c01bbd47fc00a2c39e90264f33305004495a9","hash":"68143d8e4a9b102581c4ca1e01482d5dd13a0241"}
,"C:\\Users\\Lenovo\\Desktop\\namaste-react\\src\\utils\\contants.js": {"path":"C:\\Users\\Lenovo\\Desktop\\namaste-react\\src\\utils\\contants.js","statementMap":{"0":{"start":{"line":1,"column":23},"end":{"line":1,"column":112}},"1":{"start":{"line":3,"column":24},"end":{"line":3,"column":89}},"2":{"start":{"line":6,"column":2},"end":{"line":6,"column":132}}},"fnMap":{},"branchMap":{},"s":{"0":2,"1":2,"2":2},"f":{},"b":{},"_coverageSchema":"1a1c01bbd47fc00a2c39e90264f33305004495a9","hash":"ac0b416f1c95ac23991bef5acf9cc6b0d1096005"}
,"C:\\Users\\Lenovo\\Desktop\\namaste-react\\src\\utils\\useOnlineStatus.js": {"path":"C:\\Users\\Lenovo\\Desktop\\namaste-react\\src\\utils\\useOnlineStatus.js","statementMap":{"0":{"start":{"line":25,"column":24},"end":{"line":42,"column":1}},"1":{"start":{"line":27,"column":42},"end":{"line":27,"column":56}},"2":{"start":{"line":29,"column":2},"end":{"line":39,"column":9}},"3":{"start":{"line":31,"column":4},"end":{"line":33,"column":7}},"4":{"start":{"line":32,"column":6},"end":{"line":32,"column":29}},"5":{"start":{"line":35,"column":4},"end":{"line":37,"column":7}},"6":{"start":{"line":36,"column":6},"end":{"line":36,"column":28}},"7":{"start":{"line":41,"column":2},"end":{"line":41,"column":22}}},"fnMap":{"0":{"name":"(anonymous_0)","decl":{"start":{"line":25,"column":24},"end":{"line":25,"column":25}},"loc":{"start":{"line":25,"column":30},"end":{"line":42,"column":1}},"line":25},"1":{"name":"(anonymous_1)","decl":{"start":{"line":29,"column":12},"end":{"line":29,"column":13}},"loc":{"start":{"line":29,"column":18},"end":{"line":39,"column":3}},"line":29},"2":{"name":"(anonymous_2)","decl":{"start":{"line":31,"column":39},"end":{"line":31,"column":40}},"loc":{"start":{"line":31,"column":45},"end":{"line":33,"column":5}},"line":31},"3":{"name":"(anonymous_3)","decl":{"start":{"line":35,"column":38},"end":{"line":35,"column":39}},"loc":{"start":{"line":35,"column":44},"end":{"line":37,"column":5}},"line":35}},"branchMap":{},"s":{"0":2,"1":3,"2":3,"3":1,"4":0,"5":1,"6":0,"7":3},"f":{"0":3,"1":1,"2":0,"3":0},"b":{},"_coverageSchema":"1a1c01bbd47fc00a2c39e90264f33305004495a9","hash":"f347be759b42e54ed1ad84acead59c0dfcc1136e"}
}
