TN:
SF:src\components\Body.js
FN:110,(anonymous_0)
FN:119,(anonymous_1)
FN:123,(anonymous_2)
FN:133,(anonymous_3)
FN:166,(anonymous_4)
FN:173,(anonymous_5)
FN:174,(anonymous_6)
FN:186,(anonymous_7)
FN:188,(anonymous_8)
FN:204,(anonymous_9)
FN:212,(anonymous_10)
FNF:11
FNH:1
FNDA:3,(anonymous_0)
FNDA:0,(anonymous_1)
FNDA:0,(anonymous_2)
FNDA:0,(anonymous_3)
FNDA:0,(anonymous_4)
FNDA:0,(anonymous_5)
FNDA:0,(anonymous_6)
FNDA:0,(anonymous_7)
FNDA:0,(anonymous_8)
FNDA:0,(anonymous_9)
FNDA:0,(anonymous_10)
DA:110,1
DA:111,3
DA:112,2
DA:113,2
DA:115,2
DA:116,2
DA:118,2
DA:119,2
DA:120,0
DA:123,2
DA:124,0
DA:125,0
DA:129,0
DA:132,0
DA:133,0
DA:136,0
DA:137,0
DA:139,0
DA:143,2
DA:145,2
DA:146,0
DA:152,2
DA:153,2
DA:156,0
DA:167,0
DA:174,0
DA:175,0
DA:177,0
DA:187,0
DA:188,0
DA:190,0
DA:204,0
DA:213,0
LF:33
LH:13
BRDA:132,0,0,0
BRDA:132,0,1,0
BRDA:145,1,0,0
BRDA:145,1,1,2
BRDA:152,2,0,2
BRDA:152,2,1,0
BRDA:223,3,0,0
BRDA:223,3,1,0
BRF:8
BRH:2
end_of_record
TN:
SF:src\components\Contact.js
FN:14,(anonymous_0)
FN:22,(anonymous_1)
FN:29,(anonymous_2)
FNF:3
FNH:1
FNDA:1,(anonymous_0)
FNDA:0,(anonymous_1)
FNDA:0,(anonymous_2)
DA:14,1
DA:16,1
DA:22,1
DA:23,0
DA:29,1
DA:30,0
DA:31,0
DA:32,0
DA:35,1
LF:9
LH:5
BRF:0
BRH:0
end_of_record
TN:
SF:src\components\Header.js
FN:71,(anonymous_0)
FN:79,(anonymous_1)
FN:81,(anonymous_2)
FNF:3
FNH:2
FNDA:1,(anonymous_0)
FNDA:2,(anonymous_1)
FNDA:0,(anonymous_2)
DA:71,1
DA:73,1
DA:75,1
DA:77,1
DA:79,2
DA:81,1
DA:83,0
DA:84,0
DA:85,0
DA:87,0
DA:88,0
DA:93,1
LF:12
LH:7
BRDA:83,0,0,0
BRDA:83,0,1,0
BRDA:105,1,0,1
BRDA:105,1,1,0
BRF:4
BRH:1
end_of_record
TN:
SF:src\components\RestaurantCard.js
FN:32,(anonymous_0)
FN:60,(anonymous_1)
FN:61,(anonymous_2)
FNF:3
FNH:1
FNDA:0,(anonymous_0)
FNDA:2,(anonymous_1)
FNDA:0,(anonymous_2)
DA:32,1
DA:33,0
DA:34,0
DA:37,0
DA:39,0
DA:60,1
DA:61,2
DA:62,0
LF:8
LH:3
BRF:0
BRH:0
end_of_record
TN:
SF:src\components\Shimmer.js
FN:1,(anonymous_0)
FNF:1
FNH:1
FNDA:3,(anonymous_0)
DA:1,1
DA:2,3
LF:2
LH:2
BRF:0
BRH:0
end_of_record
TN:
SF:src\components\sum.js
FN:1,(anonymous_0)
FNF:1
FNH:1
FNDA:1,(anonymous_0)
DA:1,1
DA:4,1
LF:2
LH:2
BRF:0
BRH:0
end_of_record
TN:
SF:src\utils\UserContext.js
FN:16,(anonymous_0)
FNF:1
FNH:0
FNDA:0,(anonymous_0)
DA:14,2
LF:1
LH:1
BRF:0
BRH:0
end_of_record
TN:
SF:src\utils\appStore.js
FNF:0
FNH:0
DA:4,1
LF:1
LH:1
BRF:0
BRH:0
end_of_record
TN:
SF:src\utils\cartSlice.js
FN:12,(anonymous_0)
FN:16,(anonymous_1)
FN:20,(anonymous_2)
FNF:3
FNH:0
FNDA:0,(anonymous_0)
FNDA:0,(anonymous_1)
FNDA:0,(anonymous_2)
DA:3,1
DA:13,0
DA:17,0
DA:21,0
DA:27,1
LF:5
LH:2
BRF:0
BRH:0
end_of_record
TN:
SF:src\utils\contants.js
FNF:0
FNH:0
DA:1,2
DA:3,2
DA:6,2
LF:3
LH:3
BRF:0
BRH:0
end_of_record
TN:
SF:src\utils\useOnlineStatus.js
FN:25,(anonymous_0)
FN:29,(anonymous_1)
FN:31,(anonymous_2)
FN:35,(anonymous_3)
FNF:4
FNH:2
FNDA:3,(anonymous_0)
FNDA:1,(anonymous_1)
FNDA:0,(anonymous_2)
FNDA:0,(anonymous_3)
DA:25,2
DA:27,3
DA:29,3
DA:31,1
DA:32,0
DA:35,1
DA:36,0
DA:41,3
LF:8
LH:6
BRF:0
BRH:0
end_of_record
